app/build/outputs/logs/manifest-merger-release-report.txt
-- Merging decision tree log ---
manifest
ADDED from src\main\AndroidManifest.xml:2:1-68:12
	package
		ADDED from src\main\AndroidManifest.xml:3:5-39
		INJECTED from src\main\AndroidManifest.xml
		INJECTED from src\main\AndroidManifest.xml
	android:versionName
		INJECTED from src\main\AndroidManifest.xml
		INJECTED from src\main\AndroidManifest.xml
	xmlns:android
		ADDED from src\main\AndroidManifest.xml:2:11-69
	android:versionCode
		INJECTED from src\main\AndroidManifest.xml
		INJECTED from src\main\AndroidManifest.xml
uses-permission#android.permission.EXPAND_STATUS_BAR
ADDED from src\main\AndroidManifest.xml:5:5-76
	android:name
		ADDED from src\main\AndroidManifest.xml:5:22-73
application
ADDED from src\main\AndroidManifest.xml:7:5-66:19
	android:label
		ADDED from src\main\AndroidManifest.xml:12:9-41
	android:roundIcon
		ADDED from src\main\AndroidManifest.xml:10:3-42
	android:icon
		ADDED from src\main\AndroidManifest.xml:9:9-43
	android:theme
		ADDED from src\main\AndroidManifest.xml:11:3-34
	android:name
		ADDED from src\main\AndroidManifest.xml:8:3-39
activity#tool.lmxy1990.keyblocker.activity.MainActivity
ADDED from src\main\AndroidManifest.xml:14:9-22:20
	android:label
		ADDED from src\main\AndroidManifest.xml:16:13-45
	android:launchMode
		ADDED from src\main\AndroidManifest.xml:17:13-43
	android:name
		ADDED from src\main\AndroidManifest.xml:15:13-50
intent-filter#android.intent.action.MAIN+android.intent.category.LAUNCHER
ADDED from src\main\AndroidManifest.xml:18:13-21:29
action#android.intent.action.MAIN
ADDED from src\main\AndroidManifest.xml:19:17-69
	android:name
		ADDED from src\main\AndroidManifest.xml:19:25-66
category#android.intent.category.LAUNCHER
ADDED from src\main\AndroidManifest.xml:20:17-77
	android:name
		ADDED from src\main\AndroidManifest.xml:20:27-74
activity#tool.lmxy1990.keyblocker.activity.SettingsActivity
ADDED from src\main\AndroidManifest.xml:23:3-26:20
	android:label
		ADDED from src\main\AndroidManifest.xml:25:4-35
	android:name
		ADDED from src\main\AndroidManifest.xml:24:13-54
service#tool.lmxy1990.keyblocker.service.KeyBlockService
ADDED from src\main\AndroidManifest.xml:28:9-38:19
	android:label
		ADDED from src\main\AndroidManifest.xml:30:13-45
	android:permission
		ADDED from src\main\AndroidManifest.xml:31:13-79
	android:name
		ADDED from src\main\AndroidManifest.xml:29:13-52
intent-filter#android.accessibilityservice.AccessibilityService
ADDED from src\main\AndroidManifest.xml:32:13-34:29
action#android.accessibilityservice.AccessibilityService
ADDED from src\main\AndroidManifest.xml:33:17-92
	android:name
		ADDED from src\main\AndroidManifest.xml:33:25-89
meta-data#android.accessibilityservice
ADDED from src\main\AndroidManifest.xml:35:13-37:58
	android:resource
		ADDED from src\main\AndroidManifest.xml:37:17-55
	android:name
		ADDED from src\main\AndroidManifest.xml:36:17-60
service#tool.lmxy1990.keyblocker.service.QuickSettingService
ADDED from src\main\AndroidManifest.xml:39:9-47:19
	android:label
		ADDED from src\main\AndroidManifest.xml:42:13-45
	android:permission
		ADDED from src\main\AndroidManifest.xml:43:13-77
	android:icon
		ADDED from src\main\AndroidManifest.xml:41:13-53
	android:name
		ADDED from src\main\AndroidManifest.xml:40:13-56
intent-filter#android.service.quicksettings.action.QS_TILE
ADDED from src\main\AndroidManifest.xml:44:13-46:29
action#android.service.quicksettings.action.QS_TILE
ADDED from src\main\AndroidManifest.xml:45:17-87
	android:name
		ADDED from src\main\AndroidManifest.xml:45:25-84
receiver#tool.lmxy1990.keyblocker.receiver.RemoteReceiver
ADDED from src\main\AndroidManifest.xml:49:9-55:20
	android:exported
		ADDED from src\main\AndroidManifest.xml:51:13-36
	android:name
		ADDED from src\main\AndroidManifest.xml:50:13-52
intent-filter#tool.lmxy1990.keyblocker.action.REMOTE_CONTROL_ACTION
ADDED from src\main\AndroidManifest.xml:52:13-54:29
action#tool.lmxy1990.keyblocker.action.REMOTE_CONTROL_ACTION
ADDED from src\main\AndroidManifest.xml:53:17-96
	android:name
		ADDED from src\main\AndroidManifest.xml:53:25-93
receiver#tool.lmxy1990.keyblocker.receiver.WidgetProvider
ADDED from src\main\AndroidManifest.xml:56:9-65:20
	android:name
		ADDED from src\main\AndroidManifest.xml:56:19-58
intent-filter#android.appwidget.action.APPWIDGET_UPDATE+tool.lmxy1990.keyblocker.action.APPWIDGET_CLICK_ACTION+tool.lmxy1990.keyblocker.action.APPWIDGET_UPDATE_ACTION
ADDED from src\main\AndroidManifest.xml:57:13-61:29
action#android.appwidget.action.APPWIDGET_UPDATE
ADDED from src\main\AndroidManifest.xml:58:17-84
	android:name
		ADDED from src\main\AndroidManifest.xml:58:25-81
action#tool.lmxy1990.keyblocker.action.APPWIDGET_CLICK_ACTION
ADDED from src\main\AndroidManifest.xml:59:17-97
	android:name
		ADDED from src\main\AndroidManifest.xml:59:25-94
action#tool.lmxy1990.keyblocker.action.APPWIDGET_UPDATE_ACTION
ADDED from src\main\AndroidManifest.xml:60:17-98
	android:name
		ADDED from src\main\AndroidManifest.xml:60:25-95
meta-data#android.appwidget.provider
ADDED from src\main\AndroidManifest.xml:62:13-64:58
	android:resource
		ADDED from src\main\AndroidManifest.xml:64:17-55
	android:name
		ADDED from src\main\AndroidManifest.xml:63:17-58
uses-sdk
INJECTED from src\main\AndroidManifest.xml reason: use-sdk injection requested
	android:targetSdkVersion
		INJECTED from src\main\AndroidManifest.xml
		INJECTED from src\main\AndroidManifest.xml
	android:minSdkVersion
		INJECTED from src\main\AndroidManifest.xml
		INJECTED from src\main\AndroidManifest.xml